生成启动时间为 2016-9-26 16:05:13。
     1>项目“D:\Documents\Visual Studio 2010\Projects\DemoCad\DemoCad\DemoCad.vcxproj”在节点 2 上(build 个目标)。
     1>InitializeBuildStatus:
         正在创建“Debug\DemoCad.unsuccessfulbuild”，因为已指定“AlwaysCreate”。
       CustomBuild:
         所有输出均为最新。
       ClCompile:
         D:\Program Files\Microsoft Visual Studio 10.0\VC\bin\CL.exe /c /I.\GeneratedFiles /I. /ID:\Qt\4.8.4\include /I.\GeneratedFiles\Debug /ID:\Qt\4.8.4\include\QtCore /ID:\Qt\4.8.4\include\QtGui /ID:\Qt\4.8.4\include\QtXml /Zi /nologo /W1 /WX- /MP /Od /Oy- /D UNICODE /D WIN32 /D QT_LARGEFILE_SUPPORT /D QT_DLL /D QT_CORE_LIB /D QT_GUI_LIB /D QT_XML_LIB /Gm- /EHsc /MDd /GS /fp:precise /Zc:wchar_t- /Zc:forScope /Fo"Debug\\" /Fd"Debug\vc100.pdb" /Gd /TP /analyze- /errorReport:prompt democad.cpp
         democad.cpp
         所有输出均为最新。
       ResourceCompile:
         所有输出均为最新。
       Link:
         D:\Program Files\Microsoft Visual Studio 10.0\VC\bin\link.exe /ERRORREPORT:PROMPT /OUT:"D:\Documents\Visual Studio 2010\Projects\DemoCad\Win32\Debug\\DemoCad.exe" /NOLOGO /LIBPATH:D:\Qt\4.8.4\lib qtmaind.lib QtCored4.lib QtGuid4.lib DxfConvert.lib QtXmld4.lib kernel32.lib user32.lib gdi32.lib winspool.lib comdlg32.lib advapi32.lib shell32.lib ole32.lib oleaut32.lib uuid.lib odbc32.lib odbccp32.lib /MANIFEST /ManifestFile:"Debug\DemoCad.exe.intermediate.manifest" /MANIFESTUAC:"level='asInvoker' uiAccess='false'" /DEBUG /PDB:"D:\Documents\Visual Studio 2010\Projects\DemoCad\Win32\Debug\DemoCad.pdb" /SUBSYSTEM:CONSOLE /TLBID:1 /DYNAMICBASE /NXCOMPAT /IMPLIB:"D:\Documents\Visual Studio 2010\Projects\DemoCad\Win32\Debug\DemoCad.lib" /MACHINE:X86 Debug\DemoCad.res
         Debug\rs_actionassignr.obj
         Debug\rs_actionautodrawleadline.obj
         Debug\rs_actioncaldisofTP.obj
         Debug\rs_actiondefault.obj
         Debug\rs_actiondrawarc.obj
         Debug\rs_actiondrawcircle.obj
         Debug\rs_actiondrawleadarcline.obj
         Debug\rs_actiondrawleadline.obj
         Debug\rs_actiondrawleadlineside.obj
         Debug\rs_actiondrawline.obj
         Debug\rs_actiondrawlinerectangle.obj
         Debug\rs_actioneditundo.obj
         Debug\rs_actionmodifydelete.obj
         Debug\rs_actionmodifymirror.obj
         Debug\rs_actionmodifymove.obj
         Debug\rs_actionmodifyrotate.obj
         Debug\rs_actionmodifyscale.obj
         Debug\rs_actionmodifytrim.obj
         Debug\rs_actionorignalInitial.obj
         Debug\rs_actionparttaper.obj
         Debug\rs_actionselectall.obj
         Debug\rs_actionselectinvert.obj
         Debug\rs_actionsetGridType.obj
         Debug\rs_actionsetOrignal.obj
         Debug\rs_actionshowangel.obj
         Debug\rs_actionshowmindis.obj
         Debug\rs_actionshowposofTP.obj
         Debug\rs_actionsizeinitial.obj
         Debug\rs_actionzoomauto.obj
         Debug\rs_actionzoomin.obj
         Debug\rs_actionzoompan.obj
         Debug\democadSignal.obj
         Debug\dialogmediator.obj
         Debug\en_Line.obj
         Debug\functionGraphM.obj
         Debug\global_Operator.obj
         Debug\global_Values.obj
         Debug\graphicview.obj
         Debug\PublicFuction.obj
         Debug\QPublicSignal.obj
         Debug\rs_graphicview.obj
         Debug\curvefit.obj
         Debug\democad.obj
         Debug\detresultdlg.obj
         Debug\ErrorMessage.obj
         Debug\moc_democad.obj
         Debug\moc_democadSignal.obj
         Debug\moc_detresultdlg.obj
         Debug\moc_dialogmediator.obj
         Debug\moc_ErrorMessage.obj
         Debug\moc_getData_Line.obj
         Debug\moc_graphicview.obj
         Debug\moc_graphicviewside.obj
         Debug\moc_hidelabeln3.obj
         Debug\moc_offsetwdt.obj
         Debug\moc_parasetwdt.obj
         Debug\moc_qg_actionfactory.obj
         Debug\moc_qg_actionhandler.obj
         Debug\moc_qg_arcoptions.obj
         Debug\moc_qg_cadtoolbarmain.obj
         Debug\moc_QG_CadToolBar_AssistTool.obj
         Debug\moc_QG_CadToolBar_FileOpt.obj
         Debug\moc_QG_CadToolBar_FSCreen.obj
         Debug\moc_QG_CadToolBar_LeadWire.obj
         Debug\moc_qg_caldisofTP.obj
         Debug\moc_qg_circleoptions.obj
         Debug\moc_qg_leadarcradiusoptions.obj
         Debug\moc_qg_lineoptions.obj
         Debug\moc_qg_mirroroptions.obj
         Debug\moc_qg_moveoptions.obj
         Debug\moc_qg_rectoptions.obj
         Debug\moc_qg_rotateoptions.obj
         Debug\moc_qg_scaleoptions.obj
         Debug\moc_qg_scrollbar.obj
         Debug\moc_qg_setgridtype.obj
         Debug\moc_qg_setorignal.obj
         Debug\moc_qg_showangel.obj
         Debug\moc_qg_showmindis.obj
         Debug\moc_qg_showposofTP.obj
         Debug\moc_qg_snapdistoptions.obj
         Debug\moc_qg_snapmiddleoptions.obj
         Debug\moc_qg_snaptoolbar.obj
         Debug\moc_QPublicSignal.obj
         Debug\moc_rs_actionassignr.obj
         Debug\moc_rs_actionautodrawleadline.obj
         Debug\moc_rs_actioncaldisofTP.obj
         Debug\moc_rs_actiondefault.obj
         Debug\moc_rs_actiondrawarc.obj
         Debug\moc_rs_actiondrawcircle.obj
         Debug\moc_rs_actiondrawleadarcline.obj
         Debug\moc_rs_actiondrawleadline.obj
         Debug\moc_rs_actiondrawleadlineside.obj
         Debug\moc_rs_actiondrawline.obj
         Debug\moc_rs_actiondrawlinerectangle.obj
         Debug\moc_rs_actioneditundo.obj
         Debug\moc_rs_actioninterface.obj
         Debug\moc_rs_actionmodifydelete.obj
         Debug\moc_rs_actionmodifymirror.obj
         Debug\moc_rs_actionmodifymove.obj
         Debug\moc_rs_actionmodifyrotate.obj
         Debug\moc_rs_actionmodifyscale.obj
         Debug\moc_rs_actionmodifytrim.obj
         Debug\moc_rs_actionorignalInitial.obj
         Debug\moc_rs_actionparttaper.obj
         Debug\moc_rs_actionselectall.obj
         Debug\moc_rs_actionselectinvert.obj
         Debug\moc_rs_actionsetGridType.obj
         Debug\moc_rs_actionsetOrignal.obj
         Debug\moc_rs_actionshowangel.obj
         Debug\moc_rs_actionshowmindis.obj
         Debug\moc_rs_actionshowposofTP.obj
         Debug\moc_rs_actionsizeinitial.obj
         Debug\moc_rs_actionzoomauto.obj
         Debug\moc_rs_actionzoomin.obj
         Debug\moc_rs_actionzoompan.obj
         Debug\moc_RS_CustomBtn.obj
         Debug\moc_showfinalncdlg.obj
         Debug\qrc_actions.obj
         Debug\qrc_democad.obj
         Debug\qrc_extui.obj
         Debug\qrc_main.obj
         Debug\qrc_ui.obj
         Debug\graphicviewside.obj
         Debug\hidelabeln3.obj
         Debug\rs_actioninterface.obj
         Debug\rs_preview.obj
         Debug\rs_previewactioninterface.obj
         Debug\rs_snapper.obj
         Debug\rs_debug.obj
         Debug\rs_arc.obj
         Debug\rs_circle.obj
         Debug\rs_color.obj
         Debug\rs_constructionline.obj
         Debug\rs_document.obj
         Debug\rs_ellipse.obj
         Debug\rs_entity.obj
         Debug\rs_entitycontainer.obj
         Debug\rs_line.obj
         Debug\rs_overlaybox.obj
         Debug\rs_overlayline.obj
         Debug\rs_pen.obj
         Debug\rs_settings.obj
         Debug\rs_undo.obj
         Debug\rs_undoable.obj
         Debug\rs_units.obj
         Debug\rs_vector.obj
         Debug\rs_filterdxfrw.obj
         Debug\rs_eventhandler.obj
         Debug\rs_grid.obj
         Debug\rs_linetypepattern.obj
         Debug\rs_painter.obj
         Debug\rs_painterqt.obj
         Debug\rs_information.obj
         Debug\lc_quadratic.obj
         Debug\rs_math.obj
         Debug\rs_modification.obj
         Debug\rs_selection.obj
         Debug\main.obj
         Debug\offsetwdt.obj
         Debug\Parameter.obj
         Debug\parasetwdt.obj
         Debug\RS_CustomBtn.obj
         Debug\rs_spline.obj
         Debug\showfinalncdlg.obj
         Debug\getData_Line.obj
         Debug\qg_arcoptions.obj
         Debug\qg_baseoptions.obj
         Debug\qg_cadtoolbarmain.obj
         Debug\QG_CadToolBar_AssistTool.obj
         Debug\QG_CadToolBar_FileOpt.obj
         Debug\QG_CadToolBar_FSCreen.obj
         Debug\QG_CadToolBar_LeadWire.obj
         Debug\qg_caldisofTP.obj
         Debug\qg_circleoptions.obj
         Debug\qg_leadarcradiusoptions.obj
         Debug\qg_lineoptions.obj
         Debug\qg_mirroroptions.obj
         Debug\qg_moveoptions.obj
         Debug\qg_rectoptions.obj
         Debug\qg_rotateoptions.obj
         Debug\qg_scaleoptions.obj
         Debug\qg_setgridtype.obj
         Debug\qg_setorignal.obj
         Debug\qg_showangel.obj
         Debug\qg_showmindis.obj
         Debug\qg_showposofTP.obj
         Debug\qg_snapdistoptions.obj
         Debug\qg_snapmiddleoptions.obj
         Debug\qg_snaptoolbar.obj
         Debug\qg_actionfactory.obj
         Debug\qg_actionhandler.obj
         LINK : 没有找到 D:\Documents\Visual Studio 2010\Projects\DemoCad\Win32\Debug\\DemoCad.exe 或上一个增量链接没有生成它；正在执行完全链接
         DemoCad.vcxproj -> D:\Documents\Visual Studio 2010\Projects\DemoCad\Win32\Debug\DemoCad.exe
       Manifest:
         C:\Program Files (x86)\Microsoft SDKs\Windows\v7.0A\bin\mt.exe /nologo /verbose /outputresource:"D:\Documents\Visual Studio 2010\Projects\DemoCad\Win32\Debug\\DemoCad.exe;#1" /manifest Debug\DemoCad.exe.intermediate.manifest
       FinalizeBuildStatus:
         正在删除文件“Debug\DemoCad.unsuccessfulbuild”。
         正在对“Debug\DemoCad.lastbuildstate”执行 Touch 任务。
     1>已完成生成项目“D:\Documents\Visual Studio 2010\Projects\DemoCad\DemoCad\DemoCad.vcxproj”(build 个目标)的操作。

生成成功。

已用时间 00:00:25.38
